
> build
> next build

⚠ Warning: Next.js inferred your workspace root, but it may not be correct.
 We detected multiple lockfiles and selected the directory of C:\Users\abdul\package-lock.json as the root directory.
 To silence this warning, set `turbopack.root` in your Next.js config, or consider removing one of the lockfiles if it's not needed.
   See https://nextjs.org/docs/app/api-reference/config/next-config-js/turbopack#root-directory for more information.
 Detected additional lockfiles: 
   * C:\Users\abdul\Herd\nexuspod0\package-lock.json

▲ Next.js 16.1.6 (Turbopack, Cache Components)
- Environments: .env.local

  Creating an optimized production build ...
✓ Compiled successfully in 13.3s
  Running TypeScript ...
  Collecting page data using 7 workers ...
  Generating static pages using 7 workers (0/15) ...
  Generating static pages using 7 workers (3/15) 
  Generating static pages using 7 workers (7/15) 
  Generating static pages using 7 workers (11/15) 
✓ Generating static pages using 7 workers (15/15) in 926.4ms
  Finalizing page optimization ...

Route (app)
┌ ◐ /
├ ○ /_not-found
├ ƒ /auth/confirm
├ ◐ /auth/error
├ ○ /auth/forgot-password
├ ○ /auth/login
├ ○ /auth/sign-up
├ ○ /auth/sign-up-success
├ ○ /auth/update-password
├ ◐ /dashboard
├ ○ /opengraph-image.png
├ ◐ /profile
└ ○ /twitter-image.png


ƒ Proxy (Middleware)

○  (Static)             prerendered as static content
◐  (Partial Prerender)  prerendered as static HTML with dynamic server-streamed content
ƒ  (Dynamic)            server-rendered on demand

